# JRE version: OpenJDK Runtime Environment Temurin-21.0.10+7 (21.0.10+7) (build 21.0.10+7-LTS)
# Java VM: OpenJDK 64-Bit Server VM Temurin-21.0.10+7 (21.0.10+7-LTS, mixed mode, sharing, tiered, compressed oops, compressed class ptrs, parallel gc, windows-amd64)
GC Precious Log:
 CardTable entry size: 512
 CPUs: 12 total, 12 available
 Memory: 16202M
 Large Page Support: Disabled
 NUMA Support: Disabled
 Compressed Oops: Enabled (32-bit)
 Alignments: Space 512K, Generation 512K, Heap 2M
 Heap Min Capacity: 100M
 Heap Initial Capacity: 100M
 Heap Max Capacity: 2G
 Pre-touch: Disabled
 Parallel Workers: 10
Heap:
 PSYoungGen      total 11264K, used 10943K [0x00000000d5580000, 0x00000000d6180000, 0x0000000100000000)
  eden space 10240K, 99% used [0x00000000d5580000,0x00000000d5f7ff80,0x00000000d5f80000)
  from space 1024K, 68% used [0x00000000d6080000,0x00000000d6130000,0x00000000d6180000)
  to   space 1024K, 37% used [0x00000000d5f80000,0x00000000d5fdf810,0x00000000d6080000)
 ParOldGen       total 1174016K, used 1173511K [0x0000000080000000, 0x00000000c7a80000, 0x00000000d5580000)
  object space 1174016K, 99% used [0x0000000080000000,0x00000000c7a03d38,0x00000000c7a80000)
 Metaspace       used 106004K, committed 108160K, reserved 1179648K
  class space    used 10804K, committed 11776K, reserved 1048576K
GC Heap History (20 events):
Event: 1640.049 GC heap before
{Heap before GC invocations=4161 (full 8):
 PSYoungGen      total 10752K, used 10684K [0x00000000d5580000, 0x00000000d6180000, 0x0000000100000000)
  eden space 10240K, 100% used [0x00000000d5580000,0x00000000d5f80000,0x00000000d5f80000)
  from space 512K, 86% used [0x00000000d6100000,0x00000000d616f010,0x00000000d6180000)
  to   space 1024K, 0% used [0x00000000d5f80000,0x00000000d5f80000,0x00000000d6080000)
 ParOldGen       total 1164288K, used 1164237K [0x0000000080000000, 0x00000000c7100000, 0x00000000d5580000)
  object space 1164288K, 99% used [0x0000000080000000,0x00000000c70f3570,0x00000000c7100000)
 Metaspace       used 106001K, committed 108160K, reserved 1179648K
  class space    used 10804K, committed 11776K, reserved 1048576K
}
Event: 1640.052 GC heap after
{Heap after GC invocations=4161 (full 8):
 PSYoungGen      total 11264K, used 288K [0x00000000d5580000, 0x00000000d6180000, 0x0000000100000000)
  eden space 10240K, 0% used [0x00000000d5580000,0x00000000d5580000,0x00000000d5f80000)
  from space 1024K, 28% used [0x00000000d5f80000,0x00000000d5fc8000,0x00000000d6080000)
  to   space 512K, 0% used [0x00000000d6100000,0x00000000d6100000,0x00000000d6180000)
 ParOldGen       total 1164800K, used 1164449K [0x0000000080000000, 0x00000000c7180000, 0x00000000d5580000)
  object space 1164800K, 99% used [0x0000000080000000,0x00000000c7128580,0x00000000c7180000)
 Metaspace       used 106001K, committed 108160K, reserved 1179648K
  class space    used 10804K, committed 11776K, reserved 1048576K
}
Event: 1640.076 GC heap before
{Heap before GC invocations=4162 (full 8):
 PSYoungGen      total 11264K, used 10528K [0x00000000d5580000, 0x00000000d6180000, 0x0000000100000000)
  eden space 10240K, 100% used [0x00000000d5580000,0x00000000d5f80000,0x00000000d5f80000)
  from space 1024K, 28% used [0x00000000d5f80000,0x00000000d5fc8000,0x00000000d6080000)
  to   space 512K, 0% used [0x00000000d6100000,0x00000000d6100000,0x00000000d6180000)
 ParOldGen       total 1164800K, used 1164449K [0x0000000080000000, 0x00000000c7180000, 0x00000000d5580000)
  object space 1164800K, 99% used [0x0000000080000000,0x00000000c7128580,0x00000000c7180000)
 Metaspace       used 106001K, committed 108160K, reserved 1179648K
  class space    used 10804K, committed 11776K, reserved 1048576K
}
Event: 1640.081 GC heap after
{Heap after GC invocations=4162 (full 8):
 PSYoungGen      total 10752K, used 160K [0x00000000d5580000, 0x00000000d6180000, 0x0000000100000000)
  eden space 10240K, 0% used [0x00000000d5580000,0x00000000d5580000,0x00000000d5f80000)
  from space 512K, 31% used [0x00000000d6100000,0x00000000d6128000,0x00000000d6180000)
  to   space 512K, 0% used [0x00000000d6080000,0x00000000d6080000,0x00000000d6100000)
 ParOldGen       total 1164800K, used 1164473K [0x0000000080000000, 0x00000000c7180000, 0x00000000d5580000)
  object space 1164800K, 99% used [0x0000000080000000,0x00000000c712e580,0x00000000c7180000)
 Metaspace       used 106001K, committed 108160K, reserved 1179648K
  class space    used 10804K, committed 11776K, reserved 1048576K
}
Event: 1640.105 GC heap before
{Heap before GC invocations=4163 (full 8):
 PSYoungGen      total 10752K, used 10400K [0x00000000d5580000, 0x00000000d6180000, 0x0000000100000000)
  eden space 10240K, 100% used [0x00000000d5580000,0x00000000d5f80000,0x00000000d5f80000)
  from space 512K, 31% used [0x00000000d6100000,0x00000000d6128000,0x00000000d6180000)
  to   space 512K, 0% used [0x00000000d6080000,0x00000000d6080000,0x00000000d6100000)
 ParOldGen       total 1164800K, used 1164473K [0x0000000080000000, 0x00000000c7180000, 0x00000000d5580000)
  object space 1164800K, 99% used [0x0000000080000000,0x00000000c712e580,0x00000000c7180000)
 Metaspace       used 106001K, committed 108160K, reserved 1179648K
  class space    used 10804K, committed 11776K, reserved 1048576K
}
Event: 1640.107 GC heap after
{Heap after GC invocations=4163 (full 8):
 PSYoungGen      total 10752K, used 349K [0x00000000d5580000, 0x00000000d6180000, 0x0000000100000000)
  eden space 10240K, 0% used [0x00000000d5580000,0x00000000d5580000,0x00000000d5f80000)
  from space 512K, 68% used [0x00000000d6080000,0x00000000d60d7608,0x00000000d6100000)
  to   space 512K, 0% used [0x00000000d6100000,0x00000000d6100000,0x00000000d6180000)
 ParOldGen       total 1164800K, used 1164513K [0x0000000080000000, 0x00000000c7180000, 0x00000000d5580000)
  object space 1164800K, 99% used [0x0000000080000000,0x00000000c7138580,0x00000000c7180000)
 Metaspace       used 106001K, committed 108160K, reserved 1179648K
  class space    used 10804K, committed 11776K, reserved 1048576K
}
Event: 1640.122 GC heap before
{Heap before GC invocations=4164 (full 8):
 PSYoungGen      total 10752K, used 10589K [0x00000000d5580000, 0x00000000d6180000, 0x0000000100000000)
  eden space 10240K, 99% used [0x00000000d5580000,0x00000000d5f7ffb8,0x00000000d5f80000)
  from space 512K, 68% used [0x00000000d6080000,0x00000000d60d7608,0x00000000d6100000)
  to   space 512K, 0% used [0x00000000d6100000,0x00000000d6100000,0x00000000d6180000)
 ParOldGen       total 1164800K, used 1164513K [0x0000000080000000, 0x00000000c7180000, 0x00000000d5580000)
  object space 1164800K, 99% used [0x0000000080000000,0x00000000c7138580,0x00000000c7180000)
 Metaspace       used 106002K, committed 108160K, reserved 1179648K
  class space    used 10804K, committed 11776K, reserved 1048576K
}
Event: 1640.123 GC heap after
{Heap after GC invocations=4164 (full 8):
 PSYoungGen      total 10752K, used 421K [0x00000000d5580000, 0x00000000d6180000, 0x0000000100000000)
  eden space 10240K, 0% used [0x00000000d5580000,0x00000000d5580000,0x00000000d5f80000)
  from space 512K, 82% used [0x00000000d6100000,0x00000000d6169640,0x00000000d6180000)
  to   space 512K, 0% used [0x00000000d6080000,0x00000000d6080000,0x00000000d6100000)
 ParOldGen       total 1165312K, used 1164924K [0x0000000080000000, 0x00000000c7200000, 0x00000000d5580000)
  object space 1165312K, 99% used [0x0000000080000000,0x00000000c719f090,0x00000000c7200000)
 Metaspace       used 106002K, committed 108160K, reserved 1179648K
  class space    used 10804K, committed 11776K, reserved 1048576K
}
Event: 1640.137 GC heap before
{Heap before GC invocations=4165 (full 8):
 PSYoungGen      total 10752K, used 10661K [0x00000000d5580000, 0x00000000d6180000, 0x0000000100000000)
  eden space 10240K, 100% used [0x00000000d5580000,0x00000000d5f80000,0x00000000d5f80000)
  from space 512K, 82% used [0x00000000d6100000,0x00000000d6169640,0x00000000d6180000)
  to   space 512K, 0% used [0x00000000d6080000,0x00000000d6080000,0x00000000d6100000)
 ParOldGen       total 1165312K, used 1164924K [0x0000000080000000, 0x00000000c7200000, 0x00000000d5580000)
  object space 1165312K, 99% used [0x0000000080000000,0x00000000c719f090,0x00000000c7200000)
 Metaspace       used 106002K, committed 108160K, reserved 1179648K
  class space    used 10804K, committed 11776K, reserved 1048576K
}
Event: 1640.140 GC heap after
{Heap after GC invocations=4165 (full 8):
 PSYoungGen      total 10752K, used 477K [0x00000000d5580000, 0x00000000d6180000, 0x0000000100000000)
  eden space 10240K, 0% used [0x00000000d5580000,0x00000000d5580000,0x00000000d5f80000)
  from space 512K, 93% used [0x00000000d6080000,0x00000000d60f7608,0x00000000d6100000)
  to   space 512K, 0% used [0x00000000d6100000,0x00000000d6100000,0x00000000d6180000)
 ParOldGen       total 1165312K, used 1165070K [0x0000000080000000, 0x00000000c7200000, 0x00000000d5580000)
  object space 1165312K, 99% used [0x0000000080000000,0x00000000c71c3870,0x00000000c7200000)
 Metaspace       used 106002K, committed 108160K, reserved 1179648K
  class space    used 10804K, committed 11776K, reserved 1048576K
}
Event: 1640.148 GC heap before
{Heap before GC invocations=4166 (full 8):
 PSYoungGen      total 10752K, used 10313K [0x00000000d5580000, 0x00000000d6180000, 0x0000000100000000)
  eden space 10240K, 96% used [0x00000000d5580000,0x00000000d5f1af08,0x00000000d5f80000)
  from space 512K, 93% used [0x00000000d6080000,0x00000000d60f7608,0x00000000d6100000)
  to   space 512K, 0% used [0x00000000d6100000,0x00000000d6100000,0x00000000d6180000)
 ParOldGen       total 1165312K, used 1165070K [0x0000000080000000, 0x00000000c7200000, 0x00000000d5580000)
  object space 1165312K, 99% used [0x0000000080000000,0x00000000c71c3870,0x00000000c7200000)
 Metaspace       used 106002K, committed 108160K, reserved 1179648K
  class space    used 10804K, committed 11776K, reserved 1048576K
}
Event: 1640.150 GC heap after
{Heap after GC invocations=4166 (full 8):
 PSYoungGen      total 10752K, used 477K [0x00000000d5580000, 0x00000000d6180000, 0x0000000100000000)
  eden space 10240K, 0% used [0x00000000d5580000,0x00000000d5580000,0x00000000d5f80000)
  from space 512K, 93% used [0x00000000d6100000,0x00000000d6177608,0x00000000d6180000)
  to   space 512K, 0% used [0x00000000d6080000,0x00000000d6080000,0x00000000d6100000)
 ParOldGen       total 1165312K, used 1165266K [0x0000000080000000, 0x00000000c7200000, 0x00000000d5580000)
  object space 1165312K, 99% used [0x0000000080000000,0x00000000c71f4880,0x00000000c7200000)
 Metaspace       used 106002K, committed 108160K, reserved 1179648K
  class space    used 10804K, committed 11776K, reserved 1048576K
}
Event: 1640.158 GC heap before
{Heap before GC invocations=4167 (full 8):
 PSYoungGen      total 10752K, used 9585K [0x00000000d5580000, 0x00000000d6180000, 0x0000000100000000)
  eden space 10240K, 88% used [0x00000000d5580000,0x00000000d5e64f18,0x00000000d5f80000)
  from space 512K, 93% used [0x00000000d6100000,0x00000000d6177608,0x00000000d6180000)
  to   space 512K, 0% used [0x00000000d6080000,0x00000000d6080000,0x00000000d6100000)
 ParOldGen       total 1167360K, used 1167028K [0x0000000080000000, 0x00000000c7400000, 0x00000000d5580000)
  object space 1167360K, 99% used [0x0000000080000000,0x00000000c73ad1b0,0x00000000c7400000)
 Metaspace       used 106002K, committed 108160K, reserved 1179648K
  class space    used 10804K, committed 11776K, reserved 1048576K
}
Event: 1640.161 GC heap after
{Heap after GC invocations=4167 (full 8):
 PSYoungGen      total 10752K, used 494K [0x00000000d5580000, 0x00000000d6180000, 0x0000000100000000)
  eden space 10240K, 0% used [0x00000000d5580000,0x00000000d5580000,0x00000000d5f80000)
  from space 512K, 96% used [0x00000000d6080000,0x00000000d60fba50,0x00000000d6100000)
  to   space 512K, 0% used [0x00000000d6100000,0x00000000d6100000,0x00000000d6180000)
 ParOldGen       total 1167360K, used 1167180K [0x0000000080000000, 0x00000000c7400000, 0x00000000d5580000)
  object space 1167360K, 99% used [0x0000000080000000,0x00000000c73d31b0,0x00000000c7400000)
 Metaspace       used 106002K, committed 108160K, reserved 1179648K
  class space    used 10804K, committed 11776K, reserved 1048576K
}
Event: 1640.172 GC heap before
{Heap before GC invocations=4168 (full 8):
 PSYoungGen      total 10752K, used 10734K [0x00000000d5580000, 0x00000000d6180000, 0x0000000100000000)
  eden space 10240K, 100% used [0x00000000d5580000,0x00000000d5f80000,0x00000000d5f80000)
  from space 512K, 96% used [0x00000000d6080000,0x00000000d60fba50,0x00000000d6100000)
  to   space 512K, 0% used [0x00000000d6100000,0x00000000d6100000,0x00000000d6180000)
 ParOldGen       total 1167360K, used 1167182K [0x0000000080000000, 0x00000000c7400000, 0x00000000d5580000)
  object space 1167360K, 99% used [0x0000000080000000,0x00000000c73d3ba0,0x00000000c7400000)
 Metaspace       used 106002K, committed 108160K, reserved 1179648K
  class space    used 10804K, committed 11776K, reserved 1048576K
}
Event: 1640.174 GC heap after
{Heap after GC invocations=4168 (full 8):
 PSYoungGen      total 10752K, used 510K [0x00000000d5580000, 0x00000000d6180000, 0x0000000100000000)
  eden space 10240K, 0% used [0x00000000d5580000,0x00000000d5580000,0x00000000d5f80000)
  from space 512K, 99% used [0x00000000d6100000,0x00000000d617f810,0x00000000d6180000)
  to   space 1024K, 0% used [0x00000000d5f80000,0x00000000d5f80000,0x00000000d6080000)
 ParOldGen       total 1167360K, used 1167238K [0x0000000080000000, 0x00000000c7400000, 0x00000000d5580000)
  object space 1167360K, 99% used [0x0000000080000000,0x00000000c73e1ba0,0x00000000c7400000)
 Metaspace       used 106002K, committed 108160K, reserved 1179648K
  class space    used 10804K, committed 11776K, reserved 1048576K
}
Event: 1640.186 GC heap before
{Heap before GC invocations=4169 (full 8):
 PSYoungGen      total 10752K, used 10750K [0x00000000d5580000, 0x00000000d6180000, 0x0000000100000000)
  eden space 10240K, 100% used [0x00000000d5580000,0x00000000d5f80000,0x00000000d5f80000)
  from space 512K, 99% used [0x00000000d6100000,0x00000000d617f810,0x00000000d6180000)
  to   space 1024K, 0% used [0x00000000d5f80000,0x00000000d5f80000,0x00000000d6080000)
 ParOldGen       total 1167360K, used 1167238K [0x0000000080000000, 0x00000000c7400000, 0x00000000d5580000)
  object space 1167360K, 99% used [0x0000000080000000,0x00000000c73e1ba0,0x00000000c7400000)
 Metaspace       used 106002K, committed 108160K, reserved 1179648K
  class space    used 10804K, committed 11776K, reserved 1048576K
}
Event: 1640.188 GC heap after
{Heap after GC invocations=4169 (full 8):
 PSYoungGen      total 11264K, used 849K [0x00000000d5580000, 0x00000000d6180000, 0x0000000100000000)
  eden space 10240K, 0% used [0x00000000d5580000,0x00000000d5580000,0x00000000d5f80000)
  from space 1024K, 82% used [0x00000000d5f80000,0x00000000d6054440,0x00000000d6080000)
  to   space 1024K, 0% used [0x00000000d6080000,0x00000000d6080000,0x00000000d6180000)
 ParOldGen       total 1167872K, used 1167534K [0x0000000080000000, 0x00000000c7480000, 0x00000000d5580000)
  object space 1167872K, 99% used [0x0000000080000000,0x00000000c742bba0,0x00000000c7480000)
 Metaspace       used 106002K, committed 108160K, reserved 1179648K
  class space    used 10804K, committed 11776K, reserved 1048576K
}
Event: 1640.197 GC heap before
{Heap before GC invocations=4170 (full 8):
 PSYoungGen      total 11264K, used 9501K [0x00000000d5580000, 0x00000000d6180000, 0x0000000100000000)
  eden space 10240K, 84% used [0x00000000d5580000,0x00000000d5df3320,0x00000000d5f80000)
  from space 1024K, 82% used [0x00000000d5f80000,0x00000000d6054440,0x00000000d6080000)
  to   space 1024K, 0% used [0x00000000d6080000,0x00000000d6080000,0x00000000d6180000)
 ParOldGen       total 1167872K, used 1167534K [0x0000000080000000, 0x00000000c7480000, 0x00000000d5580000)
  object space 1167872K, 99% used [0x0000000080000000,0x00000000c742bba0,0x00000000c7480000)
 Metaspace       used 106003K, committed 108160K, reserved 1179648K
  class space    used 10804K, committed 11776K, reserved 1048576K
}
Event: 1640.198 GC heap after
{Heap after GC invocations=4170 (full 8):
 PSYoungGen      total 11264K, used 599K [0x00000000d5580000, 0x00000000d6180000, 0x0000000100000000)
  eden space 10240K, 0% used [0x00000000d5580000,0x00000000d5580000,0x00000000d5f80000)
  from space 1024K, 58% used [0x00000000d6080000,0x00000000d6115f08,0x00000000d6180000)
  to   space 1024K, 0% used [0x00000000d5f80000,0x00000000d5f80000,0x00000000d6080000)
 ParOldGen       total 1168384K, used 1168169K [0x0000000080000000, 0x00000000c7500000, 0x00000000d5580000)
  object space 1168384K, 99% used [0x0000000080000000,0x00000000c74ca6d8,0x00000000c7500000)
 Metaspace       used 106003K, committed 108160K, reserved 1179648K
  class space    used 10804K, committed 11776K, reserved 1048576K
}

